  MySocket.cpp
..\src\MySocket.cpp(82): warning C4267: “参数”: 从“size_t”转换到“int”，可能丢失数据
..\src\MySocket.cpp(95): warning C4267: “参数”: 从“size_t”转换到“int”，可能丢失数据
..\src\MySocket.cpp(108): warning C4267: “参数”: 从“size_t”转换到“int”，可能丢失数据
..\src\MySocket.cpp(122): warning C4267: “参数”: 从“size_t”转换到“int”，可能丢失数据
..\src\MySocket.cpp(133): warning C4267: “参数”: 从“size_t”转换到“int”，可能丢失数据
..\src\MySocket.cpp(146): warning C4267: “参数”: 从“size_t”转换到“int”，可能丢失数据
..\src\MySocket.cpp(154): warning C4267: “参数”: 从“size_t”转换到“int”，可能丢失数据
..\src\MySocket.cpp(205): warning C4267: “参数”: 从“size_t”转换到“int”，可能丢失数据
..\src\MySocket.cpp(222): warning C4267: “=”: 从“size_t”转换到“int”，可能丢失数据
..\src\MySocket.cpp(230): warning C4267: “参数”: 从“size_t”转换到“int”，可能丢失数据
..\src\MySocket.cpp(242): warning C4267: “参数”: 从“size_t”转换到“int”，可能丢失数据
..\src\MySocket.cpp(247): warning C4267: “=”: 从“size_t”转换到“int”，可能丢失数据
..\src\MySocket.cpp(256): warning C4267: “参数”: 从“size_t”转换到“int”，可能丢失数据
..\src\MySocket.cpp(268): warning C4267: “参数”: 从“size_t”转换到“int”，可能丢失数据
..\src\MySocket.cpp(273): warning C4267: “=”: 从“size_t”转换到“int”，可能丢失数据
..\src\MySocket.cpp(286): warning C4267: “参数”: 从“size_t”转换到“int”，可能丢失数据
..\src\MySocket.cpp(298): warning C4267: “参数”: 从“size_t”转换到“int”，可能丢失数据
..\src\MySocket.cpp(304): warning C4267: “参数”: 从“size_t”转换到“int”，可能丢失数据
  正在生成代码
  15 of 942 functions ( 1.6%) were compiled, the rest were copied from previous compilation.
    0 functions were new in current compilation
    11 functions had inline decision re-evaluated but remain unchanged
  已完成代码的生成
  Server.vcxproj -> D:\ProjectSocket\Lab-Summer-Project-Practice\Server\x64\Release\Server.exe
  Server.vcxproj -> D:\ProjectSocket\Lab-Summer-Project-Practice\Server\x64\Release\Server.pdb (Full PDB)
